[12Jun2026 18:06:53.265] [main/INFO] [cpw.mods.modlauncher.Launcher/MODLAUNCHER]: ModLauncher running: args [--launchTarget, forgeclientuserdev, --version, 21.1.65, --assetIndex, 17, --assetsDir, C:\\Users\\K44Vi\\.mcreator\\gradle\\caches\\neoformruntime\\assets, --gameDir, ., --fml.neoForgeVersion, 21.1.65, --fml.fmlVersion, 4.0.24, --fml.mcVersion, 1.21.1, --fml.neoFormVersion, 20240808.144430]
[12Jun2026 18:06:53.268] [main/INFO] [cpw.mods.modlauncher.Launcher/MODLAUNCHER]: JVM identified as Eclipse Adoptium OpenJDK 64-Bit Server VM 21.0.4+7-LTS
[12Jun2026 18:06:53.270] [main/INFO] [cpw.mods.modlauncher.Launcher/MODLAUNCHER]: ModLauncher 11.0.4+main.d2e20e43 starting: java version 21.0.4 by Eclipse Adoptium; OS Windows 11 arch amd64 version 10.0
[12Jun2026 18:06:53.378] [main/INFO] [net.neoforged.fml.loading.ImmediateWindowHandler/]: Loading ImmediateWindowProvider fmlearlywindow
[12Jun2026 18:06:53.450] [main/INFO] [EARLYDISPLAY/]: Trying GL version 4.6
[12Jun2026 18:06:53.576] [main/INFO] [EARLYDISPLAY/]: Requested GL version 4.6 got version 4.6
[12Jun2026 18:06:53.667] [main/INFO] [mixin/]: SpongePowered MIXIN Subsystem Version=0.8.7 Source=union:/C:/Users/K44Vi/.mcreator/gradle/caches/modules-2/files-2.1/net.fabricmc/sponge-mixin/0.15.2+mixin.0.8.7/2af2f021d8e02a0220dc27a7a72b4666d66d44ca/sponge-mixin-0.15.2+mixin.0.8.7.jar%23131!/ Service=ModLauncher Env=CLIENT
[12Jun2026 18:06:53.871] [pool-2-thread-1/INFO] [EARLYDISPLAY/]: GL info: NVIDIA GeForce RTX 4060 Ti/PCIe/SSE2 GL version 4.6.0 NVIDIA 610.47, NVIDIA Corporation
[12Jun2026 18:06:54.024] [main/INFO] [net.neoforged.fml.loading.moddiscovery.locators.JarInJarDependencyLocator/]: Found 9 dependencies adding them to mods collection
[12Jun2026 18:06:54.643] [main/INFO] [mixin/]: Compatibility level set to JAVA_17
[12Jun2026 18:06:54.658] [main/INFO] [mixin/]: Compatibility level set to JAVA_21
[12Jun2026 18:06:54.671] [main/INFO] [cpw.mods.modlauncher.LaunchServiceHandler/MODLAUNCHER]: Launching target 'forgeclientuserdev' with arguments [--version, 21.1.65, --gameDir, ., --assetsDir, C:\Users\K44Vi\.mcreator\gradle\caches\neoformruntime\assets, --assetIndex, 17]
[12Jun2026 18:06:54.738] [main/INFO] [Sodium/]: Loaded configuration file for Sodium: 43 options available, 1 override(s) found
[12Jun2026 18:06:54.740] [main/WARN] [mixin/]: Reference map 'iris.refmap.json' for mixins.iris.json could not be read. If this is a development environment you can ignore this message
[12Jun2026 18:06:54.741] [main/WARN] [mixin/]: Reference map 'iris.refmap.json' for mixins.iris.fantastic.json could not be read. If this is a development environment you can ignore this message
[12Jun2026 18:06:54.741] [main/WARN] [mixin/]: Reference map 'iris.refmap.json' for mixins.iris.vertexformat.json could not be read. If this is a development environment you can ignore this message
[12Jun2026 18:06:54.741] [main/WARN] [mixin/]: Reference map 'iris.refmap.json' for iris-batched-entity-rendering.mixins.json could not be read. If this is a development environment you can ignore this message
[12Jun2026 18:06:54.742] [main/WARN] [mixin/]: Reference map 'iris.refmap.json' for mixins.iris.compat.sodium.json could not be read. If this is a development environment you can ignore this message
[12Jun2026 18:06:54.744] [main/WARN] [mixin/]: Reference map 'geckolib.refmap.json' for geckolib.mixins.json could not be read. If this is a development environment you can ignore this message
[12Jun2026 18:06:54.879] [main/WARN] [Sodium/]: Force-disabling mixin 'features.render.world.sky.FogRendererMixin' as rule 'mixin.features.render.world.sky' (added by mods [iris]) disables it and children
[12Jun2026 18:06:54.880] [main/WARN] [Sodium/]: Force-disabling mixin 'features.render.world.sky.ClientLevelMixin' as rule 'mixin.features.render.world.sky' (added by mods [iris]) disables it and children
[12Jun2026 18:06:54.880] [main/WARN] [Sodium/]: Force-disabling mixin 'features.render.world.sky.LevelRendererMixin' as rule 'mixin.features.render.world.sky' (added by mods [iris]) disables it and children
[12Jun2026 18:06:55.129] [main/WARN] [mixin/]: Error loading class: mekanism/client/render/entity/RenderFlame (java.lang.ClassNotFoundException: mekanism.client.render.entity.RenderFlame)
[12Jun2026 18:06:55.130] [main/WARN] [mixin/]: Error loading class: mekanism/client/render/armor/MekaSuitArmor (java.lang.ClassNotFoundException: mekanism.client.render.armor.MekaSuitArmor)
[12Jun2026 18:06:55.131] [main/WARN] [mixin/]: Error loading class: mekanism/client/render/lib/effect/BillboardingEffectRenderer (java.lang.ClassNotFoundException: mekanism.client.render.lib.effect.BillboardingEffectRenderer)
[12Jun2026 18:06:55.133] [main/WARN] [mixin/]: Error loading class: blusunrize/immersiveengineering/client/utils/IEGLShaders (java.lang.ClassNotFoundException: blusunrize.immersiveengineering.client.utils.IEGLShaders)
[12Jun2026 18:06:55.215] [main/INFO] [MixinExtras|Service/]: Initializing MixinExtras via com.llamalad7.mixinextras.service.MixinExtrasServiceImpl(version=0.4.1).
[12Jun2026 18:06:56.406] [Datafixer Bootstrap/INFO] [com.mojang.datafixers.DataFixerBuilder/]: 229 Datafixer optimizations took 326 milliseconds
[12Jun2026 18:06:59.988] [main/WARN] [net.minecraft.commands.Commands/]: Ambiguity between arguments [teleport, location] and [teleport, destination] with inputs: [0.1 -0.5 .9, 0 0 0]
[12Jun2026 18:06:59.990] [main/WARN] [net.minecraft.commands.Commands/]: Ambiguity between arguments [teleport, location] and [teleport, targets] with inputs: [0.1 -0.5 .9, 0 0 0]
[12Jun2026 18:06:59.992] [main/WARN] [net.minecraft.commands.Commands/]: Ambiguity between arguments [teleport, destination] and [teleport, targets] with inputs: [Player, 0123, @e, dd12be42-52a9-4a91-a8a1-11c01849e498]
[12Jun2026 18:06:59.993] [main/WARN] [net.minecraft.commands.Commands/]: Ambiguity between arguments [teleport, targets] and [teleport, destination] with inputs: [Player, 0123, dd12be42-52a9-4a91-a8a1-11c01849e498]
[12Jun2026 18:06:59.993] [main/WARN] [net.minecraft.commands.Commands/]: Ambiguity between arguments [teleport, targets, location] and [teleport, targets, destination] with inputs: [0.1 -0.5 .9, 0 0 0]
[12Jun2026 18:07:00.158] [Render thread/WARN] [net.minecraft.server.packs.VanillaPackResourcesBuilder/]: Assets URL 'union:/C:/Users/K44Vi/MCreatorWorkspaces/anniepantsmod/build/moddev/artifacts/neoforge-21.1.65-minecraft.jar%23186!/assets/.mcassetsroot' uses unexpected schema
[12Jun2026 18:07:00.158] [Render thread/WARN] [net.minecraft.server.packs.VanillaPackResourcesBuilder/]: Assets URL 'union:/C:/Users/K44Vi/MCreatorWorkspaces/anniepantsmod/build/moddev/artifacts/neoforge-21.1.65-minecraft.jar%23186!/data/.mcassetsroot' uses unexpected schema
[12Jun2026 18:07:00.178] [Render thread/INFO] [com.mojang.authlib.yggdrasil.YggdrasilAuthenticationService/]: Environment: Environment[sessionHost=https://sessionserver.mojang.com, servicesHost=https://api.minecraftservices.com, name=PROD]
[12Jun2026 18:07:00.184] [Render thread/INFO] [net.minecraft.client.Minecraft/]: Setting user: Dev
[12Jun2026 18:07:00.263] [Render thread/INFO] [net.minecraft.client.Minecraft/]: Backend library: LWJGL version 3.3.3+5
[12Jun2026 18:07:00.329] [Render thread/INFO] [com.mojang.blaze3d.platform.Window/]: OpenGL Vendor: NVIDIA Corporation
[12Jun2026 18:07:00.329] [Render thread/INFO] [com.mojang.blaze3d.platform.Window/]: OpenGL Renderer: NVIDIA GeForce RTX 4060 Ti/PCIe/SSE2
[12Jun2026 18:07:00.329] [Render thread/INFO] [com.mojang.blaze3d.platform.Window/]: OpenGL Version: 4.6.0 NVIDIA 610.47
[12Jun2026 18:07:00.465] [Render thread/INFO] [Iris/]: Debug functionality is disabled.
[12Jun2026 18:07:00.467] [Render thread/INFO] [Iris/]: OpenGL 4.5 detected, enabling DSA.
[12Jun2026 18:07:00.491] [Render thread/INFO] [Iris/]: Shaders are disabled because enableShaders is set to false in iris.properties
[12Jun2026 18:07:00.566] [modloading-worker-0/INFO] [net.neoforged.neoforge.common.NeoForgeMod/NEOFORGE-MOD]: NeoForge mod loading, version 21.1.65, for MC 1.21.1
[12Jun2026 18:07:00.783] [ForkJoinPool.commonPool-worker-1/WARN] [Iris/]: [Iris Update Check] This version doesn't have an update index, skipping.
[12Jun2026 18:07:00.815] [modloading-worker-0/INFO] [mezz.jei.library.load.PluginCaller/]: Sending ConfigManager...
[12Jun2026 18:07:00.818] [modloading-worker-0/INFO] [mezz.jei.library.load.PluginCaller/]: Sending ConfigManager took 1.392 ms
[12Jun2026 18:07:01.482] [Render thread/INFO] [Iris/]: Hardware information:
[12Jun2026 18:07:01.482] [Render thread/INFO] [Iris/]: CPU: 16x Intel(R) Core(TM) i5-14400F
[12Jun2026 18:07:01.482] [Render thread/INFO] [Iris/]: GPU: NVIDIA GeForce RTX 4060 Ti/PCIe/SSE2 (Supports OpenGL 4.6.0 NVIDIA 610.47)
[12Jun2026 18:07:01.483] [Render thread/INFO] [Iris/]: OS: Windows 11 (10.0)
[12Jun2026 18:07:01.602] [Render thread/INFO] [net.neoforged.neoforge.gametest.GameTestHooks/]: Enabled Gametest Namespaces: []
[12Jun2026 18:07:01.882] [Render thread/INFO] [net.minecraft.server.packs.resources.ReloadableResourceManager/]: Reloading ResourceManager: vanilla, mod_resources, mod/sodium, mod/fabric_rendering_data_attachment_v1, mod/iris, mod/fabric_renderer_api_v1, mod/fabric_api_base, mod/jade, mod/geckolib, mod/neoforge, mod/fabric_block_view_api_v2, mod/jei, mod/anniepantsmod
[12Jun2026 18:07:02.063] [Worker-Main-12/INFO] [net.minecraft.client.gui.font.providers.UnihexProvider/]: Found unifont_jp_patch-15.1.05.hex, loading
[12Jun2026 18:07:02.063] [Worker-Main-1/INFO] [net.minecraft.client.gui.font.providers.UnihexProvider/]: Found unifont_all_no_pua-15.1.05.hex, loading
[12Jun2026 18:07:03.047] [Worker-Main-13/WARN] [net.minecraft.client.resources.model.ModelManager/]: Missing textures in model anniepantsmod:choso_totem#inventory:
    minecraft:textures/atlas/blocks.png:minecraft:item/anniepants2.plush
[12Jun2026 18:07:03.048] [Worker-Main-13/WARN] [net.minecraft.client.resources.model.ModelManager/]: Missing textures in model anniepantsmod:rengoku_totem#inventory:
    minecraft:textures/atlas/blocks.png:minecraft:item/anniepants2.plush
[12Jun2026 18:07:03.208] [Worker-Main-7/INFO] [snownee.jade.Jade/]: Start loading plugin from snownee.jade.addon.vanilla.VanillaPlugin
[12Jun2026 18:07:03.241] [Worker-Main-7/INFO] [snownee.jade.Jade/]: Bootstrapped plugin from snownee.jade.addon.vanilla.VanillaPlugin in 31.05 ms
[12Jun2026 18:07:03.246] [Worker-Main-7/INFO] [snownee.jade.Jade/]: Loaded plugin from snownee.jade.addon.vanilla.VanillaPlugin in 36.56 ms
[12Jun2026 18:07:03.246] [Worker-Main-7/INFO] [snownee.jade.Jade/]: Start loading plugin from snownee.jade.addon.universal.UniversalPlugin
[12Jun2026 18:07:03.249] [Worker-Main-7/INFO] [snownee.jade.Jade/]: Bootstrapped plugin from snownee.jade.addon.universal.UniversalPlugin in 2.743 ms
[12Jun2026 18:07:03.249] [Worker-Main-7/INFO] [snownee.jade.Jade/]: Loaded plugin from snownee.jade.addon.universal.UniversalPlugin in 2.996 ms
[12Jun2026 18:07:03.249] [Worker-Main-7/INFO] [snownee.jade.Jade/]: Start loading plugin from snownee.jade.addon.debug.DebugPlugin
[12Jun2026 18:07:03.252] [Worker-Main-7/INFO] [snownee.jade.Jade/]: Bootstrapped plugin from snownee.jade.addon.debug.DebugPlugin in 1.744 ms
[12Jun2026 18:07:03.252] [Worker-Main-7/INFO] [snownee.jade.Jade/]: Loaded plugin from snownee.jade.addon.debug.DebugPlugin in 2.078 ms
[12Jun2026 18:07:03.253] [Worker-Main-7/INFO] [snownee.jade.Jade/]: Start loading plugin from snownee.jade.addon.core.CorePlugin
[12Jun2026 18:07:03.256] [Worker-Main-7/INFO] [snownee.jade.Jade/]: Bootstrapped plugin from snownee.jade.addon.core.CorePlugin in 3.193 ms
[12Jun2026 18:07:03.256] [Worker-Main-7/INFO] [snownee.jade.Jade/]: Loaded plugin from snownee.jade.addon.core.CorePlugin in 3.431 ms
[12Jun2026 18:07:03.256] [Worker-Main-7/INFO] [snownee.jade.Jade/]: Start loading plugin from snownee.jade.addon.access.AccessibilityPlugin
[12Jun2026 18:07:03.260] [Worker-Main-7/INFO] [snownee.jade.Jade/]: Bootstrapped plugin from snownee.jade.addon.access.AccessibilityPlugin in 2.335 ms
[12Jun2026 18:07:03.260] [Worker-Main-7/INFO] [snownee.jade.Jade/]: Loaded plugin from snownee.jade.addon.access.AccessibilityPlugin in 2.549 ms
[12Jun2026 18:07:03.359] [Render thread/WARN] [net.minecraft.client.sounds.SoundEngine/]: Missing sound for event: minecraft:item.goat_horn.play
[12Jun2026 18:07:03.359] [Render thread/WARN] [net.minecraft.client.sounds.SoundEngine/]: Missing sound for event: minecraft:entity.goat.screaming.horn_break
[12Jun2026 18:07:03.430] [Render thread/INFO] [com.mojang.blaze3d.audio.Library/]: OpenAL initialized on device OpenAL Soft on SteelSeries Sonar - Gaming (SteelSeries Sonar Virtual Audio Device)
[12Jun2026 18:07:03.430] [Render thread/INFO] [net.minecraft.client.sounds.SoundEngine/SOUNDS]: Sound engine started
[12Jun2026 18:07:03.489] [Render thread/INFO] [net.minecraft.client.renderer.texture.TextureAtlas/]: Created: 4096x4096x2 minecraft:textures/atlas/blocks.png-atlas
[12Jun2026 18:07:03.511] [Render thread/INFO] [net.minecraft.client.renderer.texture.TextureAtlas/]: Created: 256x256x2 minecraft:textures/atlas/signs.png-atlas
[12Jun2026 18:07:03.512] [Render thread/INFO] [net.minecraft.client.renderer.texture.TextureAtlas/]: Created: 512x512x2 minecraft:textures/atlas/banner_patterns.png-atlas
[12Jun2026 18:07:03.512] [Render thread/INFO] [net.minecraft.client.renderer.texture.TextureAtlas/]: Created: 512x512x2 minecraft:textures/atlas/shield_patterns.png-atlas
[12Jun2026 18:07:03.512] [Render thread/INFO] [net.minecraft.client.renderer.texture.TextureAtlas/]: Created: 1024x1024x2 minecraft:textures/atlas/armor_trims.png-atlas
[12Jun2026 18:07:03.514] [Render thread/INFO] [net.minecraft.client.renderer.texture.TextureAtlas/]: Created: 256x256x2 minecraft:textures/atlas/chest.png-atlas
[12Jun2026 18:07:03.514] [Render thread/INFO] [net.minecraft.client.renderer.texture.TextureAtlas/]: Created: 128x64x2 minecraft:textures/atlas/decorated_pot.png-atlas
[12Jun2026 18:07:03.514] [Render thread/INFO] [net.minecraft.client.renderer.texture.TextureAtlas/]: Created: 512x256x2 minecraft:textures/atlas/shulker_boxes.png-atlas
[12Jun2026 18:07:03.515] [Render thread/INFO] [net.minecraft.client.renderer.texture.TextureAtlas/]: Created: 512x256x2 minecraft:textures/atlas/beds.png-atlas
[12Jun2026 18:07:03.587] [Render thread/INFO] [net.minecraft.client.renderer.texture.TextureAtlas/]: Created: 1024x1024x0 minecraft:textures/atlas/particles.png-atlas
[12Jun2026 18:07:03.590] [Render thread/INFO] [net.minecraft.client.renderer.texture.TextureAtlas/]: Created: 4096x4096x0 minecraft:textures/atlas/paintings.png-atlas
[12Jun2026 18:07:03.607] [Render thread/INFO] [net.minecraft.client.renderer.texture.TextureAtlas/]: Created: 512x256x0 minecraft:textures/atlas/mob_effects.png-atlas
[12Jun2026 18:07:03.607] [Render thread/INFO] [net.minecraft.client.renderer.texture.TextureAtlas/]: Created: 64x64x0 minecraft:textures/atlas/map_decorations.png-atlas
[12Jun2026 18:07:03.607] [Render thread/INFO] [net.minecraft.client.renderer.texture.TextureAtlas/]: Created: 1024x512x0 minecraft:textures/atlas/gui.png-atlas
[12Jun2026 18:07:03.631] [Render thread/WARN] [net.minecraft.client.renderer.ShaderInstance/]: Shader rendertype_entity_translucent_emissive could not find sampler named Sampler2 in the specified shader program.
[12Jun2026 18:07:03.671] [Render thread/INFO] [net.neoforged.neoforge.client.entity.animation.json.AnimationLoader/]: Loaded 0 entity animations
[12Jun2026 18:07:03.671] [Render thread/INFO] [net.minecraft.client.renderer.texture.TextureAtlas/]: Created: 256x256x0 jei:textures/atlas/gui.png-atlas
[12Jun2026 18:07:03.684] [Render thread/INFO] [Iris/]: Creating pipeline for dimension minecraft:overworld
[12Jun2026 18:07:13.926] [Render thread/INFO] [net.minecraft.world.item.crafting.RecipeManager/]: Loaded 1305 recipes
[12Jun2026 18:07:14.016] [Render thread/INFO] [net.minecraft.advancements.AdvancementTree/]: Loaded 1410 advancements
[12Jun2026 18:07:14.290] [Render thread/INFO] [mezz.jei.neoforge.startup.StartEventObserver/]: JEI StartEventObserver received class net.neoforged.neoforge.event.TagsUpdatedEvent too early, ignoring
[12Jun2026 18:07:14.294] [Render thread/INFO] [snownee.jade.Jade/]: LootTableMineableCollector took 3.497 ms
[12Jun2026 18:07:14.360] [Server thread/INFO] [net.minecraft.client.server.IntegratedServer/]: Starting integrated minecraft server version 1.21.1
[12Jun2026 18:07:14.361] [Server thread/INFO] [net.minecraft.server.MinecraftServer/]: Generating keypair
[12Jun2026 18:07:14.939] [Server thread/INFO] [net.minecraft.server.MinecraftServer/]: Preparing start region for dimension minecraft:overworld
[12Jun2026 18:07:15.105] [progressListener/INFO] [net.minecraft.server.level.progress.LoggerChunkProgressListener/]: Preparing spawn area: 0%
[12Jun2026 18:07:15.184] [Server thread/INFO] [net.neoforged.neoforge.server.permission.PermissionAPI/]: Successfully initialized permission handler neoforge:default_handler
[12Jun2026 18:07:15.194] [progressListener/INFO] [net.minecraft.server.level.progress.LoggerChunkProgressListener/]: Time elapsed: 240 ms
[12Jun2026 18:07:15.237] [Server thread/INFO] [net.minecraft.client.server.IntegratedServer/]: Changing view distance to 32, from 10
[12Jun2026 18:07:15.238] [Server thread/INFO] [net.minecraft.client.server.IntegratedServer/]: Changing simulation distance to 12, from 0
[12Jun2026 18:07:15.665] [Render thread/INFO] [mezz.jei.neoforge.startup.StartEventObserver/]: JEI StartEventObserver received class net.neoforged.neoforge.event.TagsUpdatedEvent
[12Jun2026 18:07:15.803] [Server thread/INFO] [net.minecraft.server.players.PlayerList/]: Dev[local:E:e91f7309] logged in with entity id 47 at (-87.63946135270517, 77.0, 1.216212236242349)
[12Jun2026 18:07:15.856] [Render thread/INFO] [Iris/]: Reloading pipeline on dimension change: minecraft:overworld => minecraft:overworld
[12Jun2026 18:07:15.856] [Render thread/INFO] [Iris/]: Destroying pipeline minecraft:overworld
[12Jun2026 18:07:15.856] [Render thread/INFO] [Iris/]: Creating pipeline for dimension minecraft:overworld
[12Jun2026 18:07:15.869] [Server thread/INFO] [net.minecraft.server.MinecraftServer/]: Dev joined the game
[12Jun2026 18:07:16.001] [Render thread/INFO] [ChunkBuilder/]: Started 10 worker threads
[12Jun2026 18:07:16.132] [Render thread/INFO] [mezz.jei.neoforge.startup.StartEventObserver/]: JEI StartEventObserver received class net.neoforged.neoforge.client.event.RecipesUpdatedEvent
[12Jun2026 18:07:16.132] [Render thread/INFO] [mezz.jei.neoforge.startup.StartEventObserver/]: JEI StartEventObserver transitioning state from LISTENING to JEI_STARTED
[12Jun2026 18:07:16.133] [Render thread/INFO] [mezz.jei.core.util.LoggedTimer/]: Starting JEI...
[12Jun2026 18:07:16.145] [Render thread/INFO] [mezz.jei.library.load.PluginCaller/]: Registering item subtypes...
[12Jun2026 18:07:16.155] [Render thread/INFO] [mezz.jei.library.load.PluginCaller/]: Registering item subtypes took 9.759 ms
[12Jun2026 18:07:16.155] [Render thread/INFO] [mezz.jei.library.load.PluginCaller/]: Registering fluid subtypes...
[12Jun2026 18:07:16.157] [Render thread/INFO] [mezz.jei.library.load.PluginCaller/]: Registering fluid subtypes took 1.669 ms
[12Jun2026 18:07:16.160] [Render thread/INFO] [mezz.jei.library.load.PluginCaller/]: Registering ingredients...
[12Jun2026 18:07:16.235] [Render thread/WARN] [mezz.jei.library.plugins.vanilla.ingredients.ItemStackListFactory/]: Item Group has no display items and no search tab display items. Items from this group will be missing from the JEI ingredient list. Operator Utilities
[12Jun2026 18:07:16.256] [Render thread/INFO] [mezz.jei.library.load.PluginCallerTimerRunnable/]: Registering ingredients: jei:minecraft took 96.36 milliseconds
[12Jun2026 18:07:16.258] [Render thread/INFO] [mezz.jei.library.load.PluginCaller/]: Registering ingredients took 97.10 ms
[12Jun2026 18:07:16.258] [Render thread/INFO] [mezz.jei.library.load.PluginCaller/]: Registering extra ingredients...
[12Jun2026 18:07:16.259] [Render thread/INFO] [mezz.jei.library.load.PluginCaller/]: Registering extra ingredients took 445.0 μs
[12Jun2026 18:07:16.259] [Render thread/INFO] [mezz.jei.library.load.PluginCaller/]: Registering search ingredient aliases...
[12Jun2026 18:07:16.261] [Render thread/INFO] [mezz.jei.library.load.PluginCaller/]: Registering search ingredient aliases took 980.2 μs
[12Jun2026 18:07:16.282] [Render thread/INFO] [mezz.jei.library.load.PluginCaller/]: Registering Mod Info...
[12Jun2026 18:07:16.282] [Render thread/INFO] [mezz.jei.library.load.PluginCaller/]: Registering Mod Info took 580.7 μs
[12Jun2026 18:07:16.298] [Render thread/INFO] [mezz.jei.library.load.PluginCaller/]: Registering categories...
[12Jun2026 18:07:16.321] [Render thread/INFO] [mezz.jei.library.load.PluginCallerTimerRunnable/]: Registering categories: jei:minecraft took 22.11 milliseconds
[12Jun2026 18:07:16.325] [Render thread/INFO] [mezz.jei.library.load.PluginCaller/]: Registering categories took 27.12 ms
[12Jun2026 18:07:16.326] [Render thread/INFO] [mezz.jei.library.load.PluginCaller/]: Registering vanilla category extensions...
[12Jun2026 18:07:16.332] [Render thread/INFO] [mezz.jei.library.load.PluginCaller/]: Registering vanilla category extensions took 4.540 ms
[12Jun2026 18:07:16.333] [Render thread/INFO] [mezz.jei.library.load.PluginCaller/]: Registering recipe catalysts...
[12Jun2026 18:07:16.334] [Render thread/INFO] [mezz.jei.library.load.PluginCaller/]: Registering recipe catalysts took 951.2 μs
[12Jun2026 18:07:16.334] [Render thread/INFO] [mezz.jei.core.util.LoggedTimer/]: Building recipe registry...
[12Jun2026 18:07:16.344] [Render thread/INFO] [mezz.jei.core.util.LoggedTimer/]: Building recipe registry took 9.647 ms
[12Jun2026 18:07:16.345] [Render thread/INFO] [mezz.jei.library.load.PluginCaller/]: Registering advanced plugins...
[12Jun2026 18:07:16.345] [Render thread/INFO] [mezz.jei.library.load.PluginCaller/]: Registering advanced plugins took 458.1 μs
[12Jun2026 18:07:16.346] [Render thread/INFO] [mezz.jei.library.load.PluginCaller/]: Registering recipes...
[12Jun2026 18:07:16.488] [Render thread/INFO] [mezz.jei.library.load.PluginCallerTimerRunnable/]: Registering recipes: jei:minecraft took 141.2 milliseconds
[12Jun2026 18:07:16.513] [Render thread/INFO] [mezz.jei.library.load.PluginCallerTimerRunnable/]: Registering recipes: jei:internal took 23.85 milliseconds
[12Jun2026 18:07:16.513] [Render thread/INFO] [mezz.jei.library.load.PluginCaller/]: Registering recipes took 166.8 ms
[12Jun2026 18:07:16.522] [Render thread/INFO] [mezz.jei.library.load.PluginCaller/]: Registering recipes transfer handlers...
[12Jun2026 18:07:16.525] [Render thread/INFO] [mezz.jei.library.load.PluginCaller/]: Registering recipes transfer handlers took 3.390 ms
[12Jun2026 18:07:16.530] [Render thread/INFO] [mezz.jei.core.util.LoggedTimer/]: Building runtime...
[12Jun2026 18:07:16.540] [Render thread/INFO] [mezz.jei.library.load.PluginCaller/]: Registering gui handlers...
[12Jun2026 18:07:16.551] [Render thread/INFO] [mezz.jei.library.load.PluginCaller/]: Registering gui handlers took 10.21 ms
[12Jun2026 18:07:16.556] [Render thread/INFO] [mezz.jei.library.load.PluginCaller/]: Registering Runtime...
[12Jun2026 18:07:16.558] [Render thread/INFO] [mezz.jei.gui.startup.JeiGuiStarter/]: Starting JEI GUI
[12Jun2026 18:07:16.560] [Render thread/INFO] [mezz.jei.core.util.LoggedTimer/]: Building ingredient list...
[12Jun2026 18:07:16.580] [Render thread/INFO] [mezz.jei.core.util.LoggedTimer/]: Building ingredient list took 20.59 ms
[12Jun2026 18:07:16.580] [Render thread/INFO] [mezz.jei.core.util.LoggedTimer/]: Building ingredient filter...
[12Jun2026 18:07:16.625] [Render thread/INFO] [mezz.jei.gui.ingredients.IngredientFilter/]: Adding 1712 ingredients
[12Jun2026 18:07:16.766] [Render thread/INFO] [mezz.jei.gui.ingredients.IngredientFilter/]: Added 1712 ingredients
[12Jun2026 18:07:16.767] [Render thread/INFO] [mezz.jei.core.util.LoggedTimer/]: Building ingredient filter took 187.3 ms
[12Jun2026 18:07:16.854] [Render thread/INFO] [mezz.jei.library.load.PluginCallerTimerRunnable/]: Registering Runtime: jei:neoforge_gui took 297.2 milliseconds
[12Jun2026 18:07:16.854] [Render thread/INFO] [mezz.jei.library.load.PluginCaller/]: Registering Runtime took 298.2 ms
[12Jun2026 18:07:16.856] [Render thread/INFO] [mezz.jei.core.util.LoggedTimer/]: Building runtime took 325.6 ms
[12Jun2026 18:07:16.856] [Render thread/INFO] [mezz.jei.library.load.PluginCaller/]: Sending Runtime...
[12Jun2026 18:07:16.856] [Render thread/INFO] [mezz.jei.library.load.PluginCaller/]: Sending Runtime took 391.7 μs
[12Jun2026 18:07:16.856] [Render thread/INFO] [mezz.jei.core.util.LoggedTimer/]: Starting JEI took 723.5 ms
[12Jun2026 18:07:16.874] [Render thread/INFO] [snownee.jade.Jade/]: Received config from the server: 
[12Jun2026 18:07:16.875] [Render thread/INFO] [net.minecraft.advancements.AdvancementTree/]: Loaded 162 advancements
[12Jun2026 18:07:46.548] [Render thread/INFO] [net.minecraft.advancements.AdvancementTree/]: Loaded 163 advancements
[12Jun2026 18:08:04.086] [Server thread/INFO] [net.minecraft.client.server.IntegratedServer/]: Saving and pausing game...
[12Jun2026 18:08:04.101] [Server thread/INFO] [net.minecraft.server.MinecraftServer/]: Saving chunks for level 'ServerLevel[New World]'/minecraft:overworld
[12Jun2026 18:08:04.146] [Server thread/INFO] [net.minecraft.server.MinecraftServer/]: Saving chunks for level 'ServerLevel[New World]'/minecraft:the_end
[12Jun2026 18:08:04.153] [Server thread/INFO] [net.minecraft.server.MinecraftServer/]: Saving chunks for level 'ServerLevel[New World]'/minecraft:the_nether
[12Jun2026 18:08:04.647] [Render thread/INFO] [mezz.jei.neoforge.startup.StartEventObserver/]: JEI StartEventObserver received class net.neoforged.neoforge.client.event.ClientPlayerNetworkEvent$LoggingOut
[12Jun2026 18:08:04.647] [Render thread/INFO] [mezz.jei.neoforge.startup.StartEventObserver/]: JEI StartEventObserver transitioning state from JEI_STARTED to LISTENING
[12Jun2026 18:08:04.647] [Render thread/INFO] [mezz.jei.library.startup.JeiStarter/]: Stopping JEI
[12Jun2026 18:08:04.647] [Render thread/INFO] [mezz.jei.library.load.PluginCaller/]: Sending Runtime Unavailable...
[12Jun2026 18:08:04.647] [Render thread/INFO] [mezz.jei.neoforge.plugins.neoforge.NeoForgeGuiPlugin/]: Stopping JEI GUI
[12Jun2026 18:08:04.649] [Render thread/INFO] [mezz.jei.library.load.PluginCaller/]: Sending Runtime Unavailable took 1.722 ms
[12Jun2026 18:08:04.696] [Server thread/INFO] [net.minecraft.server.network.ServerGamePacketListenerImpl/]: Dev lost connection: Disconnected
[12Jun2026 18:08:04.696] [Server thread/INFO] [net.minecraft.server.MinecraftServer/]: Dev left the game
[12Jun2026 18:08:04.710] [Server thread/INFO] [net.minecraft.server.network.ServerCommonPacketListenerImpl/]: Stopping singleplayer server as player logged out
[12Jun2026 18:08:04.741] [Server thread/INFO] [net.minecraft.server.MinecraftServer/]: Stopping server
[12Jun2026 18:08:04.741] [Server thread/INFO] [net.minecraft.server.MinecraftServer/]: Saving players
[12Jun2026 18:08:04.741] [Server thread/INFO] [net.minecraft.server.MinecraftServer/]: Saving worlds
[12Jun2026 18:08:05.034] [Server thread/INFO] [net.minecraft.server.MinecraftServer/]: Saving chunks for level 'ServerLevel[New World]'/minecraft:overworld
[12Jun2026 18:08:05.184] [Server thread/INFO] [net.minecraft.server.MinecraftServer/]: Saving chunks for level 'ServerLevel[New World]'/minecraft:the_end
[12Jun2026 18:08:05.186] [Server thread/INFO] [net.minecraft.server.MinecraftServer/]: Saving chunks for level 'ServerLevel[New World]'/minecraft:the_nether
[12Jun2026 18:08:05.192] [Server thread/INFO] [net.minecraft.server.MinecraftServer/]: ThreadedAnvilChunkStorage (New World (3)): All chunks are saved
[12Jun2026 18:08:05.192] [Server thread/INFO] [net.minecraft.server.MinecraftServer/]: ThreadedAnvilChunkStorage (DIM1): All chunks are saved
[12Jun2026 18:08:05.192] [Server thread/INFO] [net.minecraft.server.MinecraftServer/]: ThreadedAnvilChunkStorage (DIM-1): All chunks are saved
[12Jun2026 18:08:05.192] [Server thread/INFO] [net.minecraft.server.MinecraftServer/]: ThreadedAnvilChunkStorage: All dimensions are saved
[12Jun2026 18:08:05.223] [Render thread/INFO] [ChunkBuilder/]: Stopping worker threads
[12Jun2026 18:08:05.804] [Render thread/INFO] [net.minecraft.client.Minecraft/]: Stopping!
